Build started 21.12.2021. 15:38:41.
     1>Project "D:\Programiranje\Projects\IgricaSaLoginFormom\IgricaSaLoginFormom\IgricaSaLoginFormom.vcxproj" on node 2 (build target(s)).
     1>InitializeBuildStatus:
         Creating "Debug\IgricaSaLoginFormom.unsuccessfulbuild" because "AlwaysCreate" was specified.
       ClCompile:
         d:\Programiranje\VC\bin\CL.exe /c /ZI /nologo /W3 /WX- /Od /Oy- /D WIN32 /D _DEBUG /D _CONSOLE /D _UNICODE /D UNICODE /Gm /EHsc /RTC1 /MDd /GS /fp:precise /Zc:wchar_t /Zc:forScope /Fo"Debug\\" /Fd"Debug\vc100.pdb" /Gd /TC /analyze- /errorReport:prompt main.c
         main.c
     1>d:\programiranje\projects\igricasaloginformom\igricasaloginformom\main.c(42): warning C4996: 'scanf': This function or variable may be unsafe. Consider using scanf_s instead. To disable deprecation, use _CRT_SECURE_NO_WARNINGS. See online help for details.
                 d:\programiranje\vc\include\stdio.h(304) : see declaration of 'scanf'
     1>d:\programiranje\projects\igricasaloginformom\igricasaloginformom\main.c(61): warning C4996: 'fopen': This function or variable may be unsafe. Consider using fopen_s instead. To disable deprecation, use _CRT_SECURE_NO_WARNINGS. See online help for details.
                 d:\programiranje\vc\include\stdio.h(234) : see declaration of 'fopen'
     1>d:\programiranje\projects\igricasaloginformom\igricasaloginformom\main.c(86): warning C4996: 'fopen': This function or variable may be unsafe. Consider using fopen_s instead. To disable deprecation, use _CRT_SECURE_NO_WARNINGS. See online help for details.
                 d:\programiranje\vc\include\stdio.h(234) : see declaration of 'fopen'
     1>d:\programiranje\projects\igricasaloginformom\igricasaloginformom\main.c(31): warning C4101: 'ch' : unreferenced local variable
     1>d:\programiranje\projects\igricasaloginformom\igricasaloginformom\main.c(128): warning C4018: '<' : signed/unsigned mismatch
     1>d:\programiranje\projects\igricasaloginformom\igricasaloginformom\main.c(140): warning C4996: 'getch': The POSIX name for this item is deprecated. Instead, use the ISO C++ conformant name: _getch. See online help for details.
                 d:\programiranje\vc\include\conio.h(128) : see declaration of 'getch'
       ManifestResourceCompile:
         All outputs are up-to-date.
       Link:
         d:\Programiranje\VC\bin\link.exe /ERRORREPORT:PROMPT /OUT:"D:\Programiranje\Projects\IgricaSaLoginFormom\Debug\IgricaSaLoginFormom.exe" /INCREMENTAL /NOLOGO kernel32.lib user32.lib gdi32.lib winspool.lib comdlg32.lib advapi32.lib shell32.lib ole32.lib oleaut32.lib uuid.lib odbc32.lib odbccp32.lib /MANIFEST /ManifestFile:"Debug\IgricaSaLoginFormom.exe.intermediate.manifest" /MANIFESTUAC:"level='asInvoker' uiAccess='false'" /DEBUG /PDB:"D:\Programiranje\Projects\IgricaSaLoginFormom\Debug\IgricaSaLoginFormom.pdb" /SUBSYSTEM:CONSOLE /TLBID:1 /DYNAMICBASE /NXCOMPAT /IMPLIB:"D:\Programiranje\Projects\IgricaSaLoginFormom\Debug\IgricaSaLoginFormom.lib" /MACHINE:X86 Debug\IgricaSaLoginFormom.exe.embed.manifest.res
         Debug\main.obj
       Manifest:
         c:\Program Files (x86)\Microsoft SDKs\Windows\v7.0A\bin\mt.exe /nologo /verbose /out:"Debug\IgricaSaLoginFormom.exe.embed.manifest" /manifest Debug\IgricaSaLoginFormom.exe.intermediate.manifest
         All outputs are up-to-date.
       LinkEmbedManifest:
         All outputs are up-to-date.
         IgricaSaLoginFormom.vcxproj -> D:\Programiranje\Projects\IgricaSaLoginFormom\Debug\IgricaSaLoginFormom.exe
       FinalizeBuildStatus:
         Deleting file "Debug\IgricaSaLoginFormom.unsuccessfulbuild".
         Touching "Debug\IgricaSaLoginFormom.lastbuildstate".
     1>Done Building Project "D:\Programiranje\Projects\IgricaSaLoginFormom\IgricaSaLoginFormom\IgricaSaLoginFormom.vcxproj" (build target(s)).

Build succeeded.

Time Elapsed 00:00:02.74
